BigFishApp/app/build/intermediates/manifest_merge_blame_file/debug/processDebugMainManifest/manifest-merger-blame-debug-report.txt
1<?xml version="1.0" encoding="utf-8"?>
2<manifest xmlns:android="http://schemas.android.com/apk/res/android"
3    package="com.codex.bigfish"
4    android:versionCode="1"
5    android:versionName="1.0" >
6
7    <uses-sdk
8        android:minSdkVersion="23"
9        android:targetSdkVersion="34" />
10
11    <application
11-->src\main\AndroidManifest.xml:2:5-19:19
12        android:allowBackup="true"
12-->src\main\AndroidManifest.xml:3:9-35
13        android:dataExtractionRules="@xml/data_extraction_rules"
13-->src\main\AndroidManifest.xml:4:9-65
14        android:debuggable="true"
15        android:extractNativeLibs="false"
16        android:fullBackupContent="@xml/backup_rules"
16-->src\main\AndroidManifest.xml:5:9-54
17        android:icon="@drawable/ic_launcher"
17-->src\main\AndroidManifest.xml:6:9-45
18        android:label="@string/app_name"
18-->src\main\AndroidManifest.xml:7:9-41
19        android:theme="@style/AppTheme" >
19-->src\main\AndroidManifest.xml:8:9-40
20        <activity
20-->src\main\AndroidManifest.xml:9:9-18:20
21            android:name="com.codex.bigfish.MainActivity"
21-->src\main\AndroidManifest.xml:10:13-41
22            android:configChanges="orientation|screenSize|keyboardHidden"
22-->src\main\AndroidManifest.xml:11:13-74
23            android:exported="true"
23-->src\main\AndroidManifest.xml:12:13-36
24            android:screenOrientation="portrait" >
24-->src\main\AndroidManifest.xml:13:13-49
25            <intent-filter>
25-->src\main\AndroidManifest.xml:14:13-17:29
26                <action android:name="android.intent.action.MAIN" />
26-->src\main\AndroidManifest.xml:15:17-69
26-->src\main\AndroidManifest.xml:15:25-66
27
28                <category android:name="android.intent.category.LAUNCHER" />
28-->src\main\AndroidManifest.xml:16:17-77
28-->src\main\AndroidManifest.xml:16:27-74
29            </intent-filter>
30        </activity>
31    </application>
32
33</manifest>